nohup: ignoring input
/home/caio90/Agentic/image/image-agent-system/Img_agent/router.py:37: DeprecationWarning: 
        on_event is deprecated, use lifespan event handlers instead.

        Read more about it in the
        [FastAPI docs for Lifespan Events](https://fastapi.tiangolo.com/advanced/events/).
        
  @app.on_event("startup")
/home/caio90/Agentic/image/image-agent-system/Img_agent/router.py:48: DeprecationWarning: 
        on_event is deprecated, use lifespan event handlers instead.

        Read more about it in the
        [FastAPI docs for Lifespan Events](https://fastapi.tiangolo.com/advanced/events/).
        
  @app.on_event("shutdown")
INFO:     Started server process [289985]
INFO:     Waiting for application startup.
Loading checkpoint shards:   0%|          | 0/4 [00:00<?, ?it/s]Loading checkpoint shards:  25%|██▌       | 1/4 [00:00<00:02,  1.43it/s]Loading checkpoint shards:  50%|█████     | 2/4 [00:01<00:01,  1.44it/s]Loading checkpoint shards:  75%|███████▌  | 3/4 [00:02<00:00,  1.44it/s]Loading checkpoint shards: 100%|██████████| 4/4 [00:02<00:00,  2.05it/s]Loading checkpoint shards: 100%|██████████| 4/4 [00:02<00:00,  1.77it/s]
INFO:     Application startup complete.
INFO:     Uvicorn running on http://0.0.0.0:8000 (Press CTRL+C to quit)
Models loaded successfully!
INFO:     127.0.0.1:42772 - "GET /health HTTP/1.1" 200 OK
INFO:     127.0.0.1:42786 - "POST /analyze HTTP/1.1" 400 Bad Request
INFO:     127.0.0.1:42788 - "POST /caption HTTP/1.1" 200 OK

image 1/1 /tmp/tmp1si_u9gl.jpg: 448x640 (no detections), 98.5ms
Speed: 2.3ms preprocess, 98.5ms inference, 1.1ms postprocess per image at shape (1, 3, 448, 640)
INFO:     127.0.0.1:53622 - "POST /detect-objects HTTP/1.1" 200 OK
INFO:     127.0.0.1:35262 - "GET /health HTTP/1.1" 200 OK
INFO:     127.0.0.1:35266 - "GET /health HTTP/1.1" 200 OK
=== Caption Generation ===
=== Object Detection ===

image 1/1 /tmp/tmpfiatxmc4.jpg: 448x640 13 persons, 8 boats, 10 umbrellas, 78.3ms
Speed: 3.0ms preprocess, 78.3ms inference, 2.0ms postprocess per image at shape (1, 3, 448, 640)
Setting `pad_token_id` to `eos_token_id`:128001 for open-end generation.
=== Detailed Description ===
=== Feature Extraction ===
=== Validation ===
=== Refinement ===
INFO:     127.0.0.1:56058 - "POST /analyze HTTP/1.1" 200 OK
=== Caption Generation ===
=== Object Detection ===

image 1/1 /tmp/tmpgx508lwy.png: 512x640 3 airplanes, 107.3ms
Speed: 2.3ms preprocess, 107.3ms inference, 1.3ms postprocess per image at shape (1, 3, 512, 640)
Setting `pad_token_id` to `eos_token_id`:128001 for open-end generation.
=== Detailed Description ===
=== Feature Extraction ===
=== Validation ===
=== Refinement ===
INFO:     127.0.0.1:41246 - "POST /analyze HTTP/1.1" 200 OK
INFO:     127.0.0.1:33262 - "GET /health HTTP/1.1" 200 OK
INFO:     127.0.0.1:33262 - "GET /health HTTP/1.1" 200 OK
INFO:     127.0.0.1:33138 - "GET /health HTTP/1.1" 200 OK
INFO:     127.0.0.1:33152 - "GET /health HTTP/1.1" 200 OK
=== Caption Generation ===
=== Object Detection ===

image 1/1 /tmp/tmppjae9xl1.jpg: 448x640 13 persons, 8 boats, 10 umbrellas, 100.2ms
Speed: 4.4ms preprocess, 100.2ms inference, 1.5ms postprocess per image at shape (1, 3, 448, 640)
Setting `pad_token_id` to `eos_token_id`:128001 for open-end generation.
=== Detailed Description ===
=== Feature Extraction ===
=== Validation ===
=== Refinement ===
INFO:     127.0.0.1:45976 - "POST /analyze HTTP/1.1" 200 OK
=== Caption Generation ===
=== Object Detection ===

image 1/1 /tmp/tmpcl6cvac_.png: 512x640 3 airplanes, 97.0ms
Speed: 3.4ms preprocess, 97.0ms inference, 1.5ms postprocess per image at shape (1, 3, 512, 640)
Setting `pad_token_id` to `eos_token_id`:128001 for open-end generation.
=== Detailed Description ===
=== Feature Extraction ===
=== Validation ===
=== Refinement ===
INFO:     127.0.0.1:39028 - "POST /analyze HTTP/1.1" 200 OK
=== Caption Generation ===
=== Object Detection ===

image 1/1 /tmp/tmp56agm8di.png: 512x640 12 persons, 103.1ms
Speed: 2.2ms preprocess, 103.1ms inference, 1.4ms postprocess per image at shape (1, 3, 512, 640)
Setting `pad_token_id` to `eos_token_id`:128001 for open-end generation.
=== Detailed Description ===
=== Feature Extraction ===
=== Validation ===
=== Refinement ===
INFO:     127.0.0.1:53496 - "POST /analyze HTTP/1.1" 200 OK
INFO:     127.0.0.1:41998 - "GET /health HTTP/1.1" 200 OK
INFO:     127.0.0.1:42002 - "GET /favicon.ico HTTP/1.1" 404 Not Found
INFO:     127.0.0.1:39034 - "GET /docs HTTP/1.1" 200 OK
INFO:     127.0.0.1:39034 - "GET /openapi.json HTTP/1.1" 200 OK
=== Caption Generation ===
=== Object Detection ===

image 1/1 /tmp/tmpysydsn6w.png: 320x640 (no detections), 105.9ms
Speed: 2.2ms preprocess, 105.9ms inference, 0.8ms postprocess per image at shape (1, 3, 320, 640)
Setting `pad_token_id` to `eos_token_id`:128001 for open-end generation.
=== Detailed Description ===
=== Feature Extraction ===
=== Validation ===
=== Refinement ===
INFO:     127.0.0.1:57176 - "POST /analyze HTTP/1.1" 200 OK
=== Caption Generation ===
=== Object Detection ===

image 1/1 /tmp/tmpdiet5llc.png: 576x640 (no detections), 127.1ms
Speed: 3.1ms preprocess, 127.1ms inference, 1.0ms postprocess per image at shape (1, 3, 576, 640)
Setting `pad_token_id` to `eos_token_id`:128001 for open-end generation.
=== Detailed Description ===
=== Feature Extraction ===
=== Validation ===
=== Refinement ===
INFO:     127.0.0.1:48210 - "POST /analyze HTTP/1.1" 200 OK
=== Caption Generation ===
=== Object Detection ===

image 1/1 /tmp/tmpnd_p_6_j.png: 576x640 (no detections), 106.5ms
Speed: 4.4ms preprocess, 106.5ms inference, 0.9ms postprocess per image at shape (1, 3, 576, 640)
Setting `pad_token_id` to `eos_token_id`:128001 for open-end generation.
=== Detailed Description ===
=== Feature Extraction ===
=== Validation ===
=== Refinement ===
INFO:     127.0.0.1:60820 - "POST /analyze HTTP/1.1" 200 OK
=== Caption Generation ===
=== Object Detection ===

image 1/1 /tmp/tmpw44c69qv.png: 320x640 (no detections), 86.4ms
Speed: 2.1ms preprocess, 86.4ms inference, 6.3ms postprocess per image at shape (1, 3, 320, 640)
Setting `pad_token_id` to `eos_token_id`:128001 for open-end generation.
=== Detailed Description ===
=== Feature Extraction ===
=== Validation ===
=== Refinement ===
INFO:     127.0.0.1:48592 - "POST /analyze HTTP/1.1" 200 OK
INFO:     127.0.0.1:45700 - "GET /health HTTP/1.1" 200 OK
INFO:     127.0.0.1:45700 - "GET /health HTTP/1.1" 200 OK
=== Caption Generation ===
=== Object Detection ===

image 1/1 /tmp/tmpcma0zy3a.png: 512x640 4 airplanes, 10 boats, 98.5ms
Speed: 2.9ms preprocess, 98.5ms inference, 2.0ms postprocess per image at shape (1, 3, 512, 640)
Setting `pad_token_id` to `eos_token_id`:128001 for open-end generation.
=== Detailed Description ===
=== Feature Extraction ===
=== Validation ===
=== Refinement ===
INFO:     127.0.0.1:36624 - "POST /analyze HTTP/1.1" 200 OK
